TN:
SF:/home/travis/build/anishkny/realworld-dynamodb-lambda/src/Article.js
FN:12,(anonymous_0)
FN:66,(anonymous_1)
FN:89,(anonymous_2)
FN:131,(anonymous_3)
FN:153,(anonymous_4)
FN:189,(anonymous_5)
FN:221,(anonymous_6)
FN:240,(anonymous_7)
FN:276,(anonymous_8)
FN:314,(anonymous_9)
FN:324,(anonymous_10)
FN:338,(anonymous_11)
FN:357,queryEnoughArticles
FN:376,(anonymous_13)
FN:386,transformRetrievedArticle
FNF:15
FNH:15
FNDA:28,(anonymous_0)
FNDA:5,(anonymous_1)
FNDA:8,(anonymous_2)
FNDA:9,(anonymous_3)
FNDA:4,(anonymous_4)
FNDA:4,(anonymous_5)
FNDA:1,(anonymous_6)
FNDA:11,(anonymous_7)
FNDA:4,(anonymous_8)
FNDA:5,(anonymous_9)
FNDA:1,(anonymous_10)
FNDA:21,(anonymous_11)
FNDA:10,queryEnoughArticles
FNDA:91,(anonymous_13)
FNDA:99,transformRetrievedArticle
DA:1,65
DA:2,65
DA:3,65
DA:4,65
DA:9,65
DA:13,28
DA:14,28
DA:15,1
DA:18,27
DA:19,27
DA:20,1
DA:22,26
DA:23,26
DA:24,75
DA:25,3
DA:29,23
DA:30,23
DA:32,23
DA:42,23
DA:43,21
DA:46,23
DA:51,23
DA:52,23
DA:53,23
DA:54,23
DA:55,23
DA:62,23
DA:67,5
DA:70,5
DA:74,5
DA:78,5
DA:79,2
DA:82,3
DA:83,3
DA:90,8
DA:91,8
DA:92,8
DA:93,1
DA:97,7
DA:99,1
DA:104,6
DA:105,6
DA:106,1
DA:109,5
DA:112,5
DA:116,5
DA:120,5
DA:121,1
DA:125,4
DA:126,1
DA:131,3
DA:132,9
DA:133,3
DA:136,3
DA:141,3
DA:146,3
DA:154,4
DA:155,4
DA:156,1
DA:159,3
DA:162,3
DA:166,3
DA:170,3
DA:171,1
DA:175,2
DA:176,1
DA:180,1
DA:185,1
DA:190,4
DA:191,4
DA:192,1
DA:195,3
DA:198,3
DA:202,3
DA:206,3
DA:207,1
DA:211,2
DA:212,2
DA:217,1
DA:218,1
DA:220,1
DA:221,1
DA:227,2
DA:229,2
DA:234,2
DA:235,2
DA:236,2
DA:241,11
DA:242,11
DA:243,11
DA:244,11
DA:245,11
DA:247,3
DA:250,8
DA:259,8
DA:260,2
DA:261,2
DA:262,6
DA:263,3
DA:264,3
DA:265,3
DA:266,1
DA:267,1
DA:269,8
DA:277,4
DA:278,4
DA:279,1
DA:282,3
DA:283,3
DA:284,3
DA:287,3
DA:288,3
DA:289,1
DA:292,2
DA:309,2
DA:310,3
DA:312,2
DA:314,5
DA:316,2
DA:317,2
DA:325,1
DA:327,1
DA:328,1
DA:329,1
DA:337,1
DA:338,1
DA:344,1
DA:346,1
DA:348,1
DA:361,10
DA:362,10
DA:363,10
DA:365,10
DA:375,10
DA:376,10
DA:377,91
DA:378,10
DA:379,10
DA:387,99
DA:388,99
DA:389,99
DA:390,99
DA:391,99
DA:392,1
DA:394,1
DA:396,99
DA:398,99
LF:147
LH:147
BRDA:14,0,0,1
BRDA:14,0,1,27
BRDA:19,1,0,1
BRDA:19,1,1,26
BRDA:24,2,0,3
BRDA:24,2,1,72
BRDA:42,3,0,21
BRDA:42,3,1,2
BRDA:52,4,0,23
BRDA:52,4,1,2
BRDA:57,5,0,23
BRDA:57,5,1,23
BRDA:58,6,0,23
BRDA:58,6,1,23
BRDA:70,7,0,5
BRDA:78,8,0,2
BRDA:78,8,1,3
BRDA:92,9,0,1
BRDA:92,9,1,7
BRDA:97,10,0,1
BRDA:97,10,1,6
BRDA:97,11,0,7
BRDA:97,11,1,3
BRDA:97,11,2,2
BRDA:105,12,0,1
BRDA:105,12,1,5
BRDA:112,13,0,5
BRDA:120,14,0,1
BRDA:120,14,1,4
BRDA:125,15,0,1
BRDA:125,15,1,3
BRDA:132,16,0,3
BRDA:132,16,1,6
BRDA:155,17,0,1
BRDA:155,17,1,3
BRDA:162,18,0,3
BRDA:170,19,0,1
BRDA:170,19,1,2
BRDA:175,20,0,1
BRDA:175,20,1,1
BRDA:191,21,0,1
BRDA:191,21,1,3
BRDA:198,22,0,3
BRDA:206,23,0,1
BRDA:206,23,1,2
BRDA:212,24,0,1
BRDA:212,24,1,1
BRDA:227,25,0,1
BRDA:227,25,1,1
BRDA:242,26,0,11
BRDA:242,26,1,2
BRDA:243,27,0,11
BRDA:243,27,1,9
BRDA:244,28,0,11
BRDA:244,28,1,10
BRDA:245,29,0,3
BRDA:245,29,1,8
BRDA:245,30,0,11
BRDA:245,30,1,4
BRDA:245,30,2,10
BRDA:245,30,3,4
BRDA:245,30,4,9
BRDA:245,30,5,2
BRDA:259,31,0,2
BRDA:259,31,1,6
BRDA:262,32,0,3
BRDA:262,32,1,3
BRDA:265,33,0,1
BRDA:265,33,1,2
BRDA:278,34,0,1
BRDA:278,34,1,3
BRDA:282,35,0,3
BRDA:282,35,1,3
BRDA:283,36,0,3
BRDA:283,36,1,3
BRDA:284,37,0,3
BRDA:284,37,1,3
BRDA:288,38,0,1
BRDA:288,38,1,2
BRDA:388,39,0,95
BRDA:388,39,1,4
BRDA:389,40,0,99
BRDA:389,40,1,97
BRDA:391,41,0,1
BRDA:391,41,1,98
BRDA:391,42,0,99
BRDA:391,42,1,2
BRF:87
BRH:87
end_of_record
TN:
SF:/home/travis/build/anishkny/realworld-dynamodb-lambda/src/Comment.js
FN:13,(anonymous_0)
FN:60,(anonymous_1)
FN:83,(anonymous_2)
FNF:3
FNH:3
FNDA:13,(anonymous_0)
FNDA:1,(anonymous_1)
FNDA:4,(anonymous_2)
DA:1,18
DA:2,18
DA:3,18
DA:4,18
DA:5,18
DA:10,18
DA:14,13
DA:15,13
DA:16,1
DA:19,12
DA:20,12
DA:21,1
DA:23,11
DA:25,11
DA:26,11
DA:30,11
DA:31,1
DA:34,10
DA:35,10
DA:44,10
DA:49,10
DA:56,10
DA:61,1
DA:62,1
DA:64,1
DA:74,1
DA:75,10
DA:79,1
DA:84,4
DA:85,4
DA:86,1
DA:88,3
DA:90,3
DA:96,3
DA:97,1
DA:101,2
DA:102,1
DA:106,1
DA:113,1
LF:39
LH:39
BRDA:15,0,0,1
BRDA:15,0,1,12
BRDA:20,1,0,1
BRDA:20,1,1,11
BRDA:20,2,0,12
BRDA:20,2,1,11
BRDA:30,3,0,1
BRDA:30,3,1,10
BRDA:51,4,0,10
BRDA:51,4,1,10
BRDA:52,5,0,10
BRDA:52,5,1,10
BRDA:85,6,0,1
BRDA:85,6,1,3
BRDA:96,7,0,1
BRDA:96,7,1,2
BRDA:101,8,0,1
BRDA:101,8,1,1
BRF:18
BRH:18
end_of_record
TN:
SF:/home/travis/build/anishkny/realworld-dynamodb-lambda/src/User.js
FN:12,(anonymous_0)
FN:64,(anonymous_1)
FN:100,(anonymous_2)
FN:117,(anonymous_3)
FN:177,(anonymous_4)
FN:191,(anonymous_5)
FN:213,(anonymous_6)
FN:238,(anonymous_7)
FN:261,(anonymous_8)
FN:273,mintToken
FN:278,getUserByEmail
FN:290,getUserByUsername
FN:299,getTokenFromEvent
FN:303,getProfileByUsername
FN:324,authenticateAndGetUser
FNF:15
FNH:15
FNDA:15,(anonymous_0)
FNDA:6,(anonymous_1)
FNDA:5,(anonymous_2)
FNDA:7,(anonymous_3)
FNDA:4,(anonymous_4)
FNDA:9,(anonymous_5)
FNDA:3,(anonymous_6)
FNDA:2,(anonymous_7)
FNDA:3,(anonymous_8)
FNDA:10,mintToken
FNDA:15,getUserByEmail
FNDA:206,getUserByUsername
FNDA:108,getTokenFromEvent
FNDA:113,getProfileByUsername
FNDA:103,authenticateAndGetUser
DA:1,129
DA:2,129
DA:3,129
DA:4,129
DA:9,129
DA:13,15
DA:15,15
DA:16,1
DA:18,14
DA:19,14
DA:20,1
DA:22,13
DA:23,1
DA:25,12
DA:26,1
DA:30,11
DA:31,11
DA:32,1
DA:36,10
DA:37,10
DA:38,1
DA:42,9
DA:43,9
DA:52,9
DA:65,6
DA:66,6
DA:67,1
DA:69,5
DA:70,5
DA:71,1
DA:73,4
DA:74,1
DA:78,3
DA:79,3
DA:80,1
DA:84,2
DA:86,1
DA:89,1
DA:96,1
DA:101,5
DA:102,5
DA:103,4
DA:105,1
DA:118,7
DA:119,7
DA:120,1
DA:122,6
DA:123,6
DA:124,6
DA:125,1
DA:127,5
DA:130,5
DA:132,2
DA:133,2
DA:134,1
DA:136,1
DA:138,4
DA:139,1
DA:141,4
DA:142,1
DA:144,4
DA:145,1
DA:148,4
DA:154,4
DA:155,1
DA:157,4
DA:158,3
DA:160,4
DA:161,3
DA:163,4
DA:164,3
DA:166,4
DA:168,4
DA:178,4
DA:180,4
DA:181,4
DA:183,4
DA:184,1
DA:186,3
DA:192,9
DA:193,9
DA:194,1
DA:196,8
DA:197,8
DA:198,8
DA:201,8
DA:202,5
DA:204,1
DA:206,4
DA:210,3
DA:212,2
DA:213,3
DA:215,2
DA:216,1
DA:220,8
DA:226,8
DA:227,5
DA:229,1
DA:231,4
DA:234,3
DA:236,2
DA:238,2
DA:246,8
DA:251,8
DA:257,8
DA:262,3
DA:268,3
DA:274,10
DA:279,15
DA:291,206
DA:300,108
DA:304,113
DA:305,113
DA:306,1
DA:309,112
DA:317,112
DA:318,31
DA:321,112
DA:325,103
DA:326,103
DA:327,80
DA:328,74
DA:329,74
DA:330,74
DA:332,29
LF:125
LH:125
BRDA:15,0,0,1
BRDA:15,0,1,14
BRDA:19,1,0,1
BRDA:19,1,1,13
BRDA:22,2,0,1
BRDA:22,2,1,12
BRDA:25,3,0,1
BRDA:25,3,1,11
BRDA:31,4,0,1
BRDA:31,4,1,10
BRDA:37,5,0,1
BRDA:37,5,1,9
BRDA:66,6,0,1
BRDA:66,6,1,5
BRDA:70,7,0,1
BRDA:70,7,1,4
BRDA:73,8,0,1
BRDA:73,8,1,3
BRDA:79,9,0,1
BRDA:79,9,1,2
BRDA:84,10,0,1
BRDA:84,10,1,1
BRDA:93,11,0,1
BRDA:93,11,1,1
BRDA:94,12,0,1
BRDA:94,12,1,1
BRDA:102,13,0,4
BRDA:102,13,1,1
BRDA:110,14,0,1
BRDA:110,14,1,1
BRDA:111,15,0,1
BRDA:111,15,1,1
BRDA:119,16,0,1
BRDA:119,16,1,6
BRDA:124,17,0,1
BRDA:124,17,1,5
BRDA:130,18,0,2
BRDA:130,18,1,3
BRDA:133,19,0,1
BRDA:133,19,1,1
BRDA:138,20,0,1
BRDA:138,20,1,3
BRDA:141,21,0,1
BRDA:141,21,1,3
BRDA:144,22,0,1
BRDA:144,22,1,3
BRDA:154,23,0,1
BRDA:154,23,1,3
BRDA:157,24,0,3
BRDA:157,24,1,1
BRDA:160,25,0,3
BRDA:160,25,1,1
BRDA:161,26,0,3
BRDA:161,26,1,3
BRDA:163,27,0,3
BRDA:163,27,1,1
BRDA:164,28,0,3
BRDA:164,28,1,2
BRDA:183,29,0,1
BRDA:183,29,1,3
BRDA:193,30,0,1
BRDA:193,30,1,8
BRDA:201,31,0,5
BRDA:201,31,1,3
BRDA:202,32,0,1
BRDA:202,32,1,4
BRDA:202,33,0,5
BRDA:202,33,1,2
BRDA:210,34,0,2
BRDA:210,34,1,1
BRDA:210,35,0,3
BRDA:210,35,1,3
BRDA:215,36,0,1
BRDA:215,36,1,1
BRDA:226,37,0,5
BRDA:226,37,1,3
BRDA:227,38,0,1
BRDA:227,38,1,4
BRDA:227,39,0,5
BRDA:227,39,1,2
BRDA:234,40,0,2
BRDA:234,40,1,1
BRDA:234,41,0,3
BRDA:234,41,1,2
BRDA:253,42,0,8
BRDA:253,42,1,8
BRDA:254,43,0,8
BRDA:254,43,1,8
BRDA:268,44,0,2
BRDA:268,44,1,1
BRDA:305,45,0,1
BRDA:305,45,1,112
BRDA:311,46,0,112
BRDA:311,46,1,112
BRDA:312,47,0,112
BRDA:312,47,1,112
BRDA:317,48,0,31
BRDA:317,48,1,81
BRDA:317,49,0,112
BRDA:317,49,1,32
BRF:100
BRH:100
end_of_record
TN:
SF:/home/travis/build/anishkny/realworld-dynamodb-lambda/src/Util.js
FN:27,(anonymous_0)
FN:35,(anonymous_1)
FN:42,(anonymous_2)
FN:54,envelop
FN:71,purgeTable
FNF:5
FNH:5
FNDA:1,(anonymous_0)
FNDA:1,(anonymous_1)
FNDA:233,(anonymous_2)
FNDA:131,envelop
FNDA:3,purgeTable
DA:11,131
DA:14,131
DA:22,131
DA:25,131
DA:28,1
DA:36,1
DA:37,1
DA:38,1
DA:39,1
DA:43,233
DA:56,131
DA:57,84
DA:59,47
DA:61,131
LF:14
LH:14
BRDA:54,0,0,84
BRDA:56,1,0,84
BRDA:56,1,1,47
BRF:3
BRH:3
end_of_record
